INFO:     Started server process [5860]
INFO:     Waiting for application startup.
D:\Downloads\Sentiment-Analysis-for-E-commerce-Reviews-using-Machine-Learning-Techniques-main\Sentiment-Analysis-for-E-commerce-Reviews-using-Machine-Learning-Techniques-main\.venv\Lib\site-packages\sklearn\base.py:463: InconsistentVersionWarning: Trying to unpickle estimator FunctionTransformer from version 1.4.2 when using version 1.8.0. This might lead to breaking code or invalid results. Use at your own risk. For more info please refer to:
https://scikit-learn.org/stable/model_persistence.html#security-maintainability-limitations
  warnings.warn(
D:\Downloads\Sentiment-Analysis-for-E-commerce-Reviews-using-Machine-Learning-Techniques-main\Sentiment-Analysis-for-E-commerce-Reviews-using-Machine-Learning-Techniques-main\.venv\Lib\site-packages\sklearn\base.py:463: InconsistentVersionWarning: Trying to unpickle estimator TfidfTransformer from version 1.4.2 when using version 1.8.0. This might lead to breaking code or invalid results. Use at your own risk. For more info please refer to:
https://scikit-learn.org/stable/model_persistence.html#security-maintainability-limitations
  warnings.warn(
D:\Downloads\Sentiment-Analysis-for-E-commerce-Reviews-using-Machine-Learning-Techniques-main\Sentiment-Analysis-for-E-commerce-Reviews-using-Machine-Learning-Techniques-main\.venv\Lib\site-packages\sklearn\base.py:463: InconsistentVersionWarning: Trying to unpickle estimator TfidfVectorizer from version 1.4.2 when using version 1.8.0. This might lead to breaking code or invalid results. Use at your own risk. For more info please refer to:
https://scikit-learn.org/stable/model_persistence.html#security-maintainability-limitations
  warnings.warn(
D:\Downloads\Sentiment-Analysis-for-E-commerce-Reviews-using-Machine-Learning-Techniques-main\Sentiment-Analysis-for-E-commerce-Reviews-using-Machine-Learning-Techniques-main\.venv\Lib\site-packages\sklearn\base.py:463: InconsistentVersionWarning: Trying to unpickle estimator Pipeline from version 1.4.2 when using version 1.8.0. This might lead to breaking code or invalid results. Use at your own risk. For more info please refer to:
https://scikit-learn.org/stable/model_persistence.html#security-maintainability-limitations
  warnings.warn(
D:\Downloads\Sentiment-Analysis-for-E-commerce-Reviews-using-Machine-Learning-Techniques-main\Sentiment-Analysis-for-E-commerce-Reviews-using-Machine-Learning-Techniques-main\.venv\Lib\site-packages\sklearn\base.py:463: InconsistentVersionWarning: Trying to unpickle estimator FeatureUnion from version 1.4.2 when using version 1.8.0. This might lead to breaking code or invalid results. Use at your own risk. For more info please refer to:
https://scikit-learn.org/stable/model_persistence.html#security-maintainability-limitations
  warnings.warn(
D:\Downloads\Sentiment-Analysis-for-E-commerce-Reviews-using-Machine-Learning-Techniques-main\Sentiment-Analysis-for-E-commerce-Reviews-using-Machine-Learning-Techniques-main\.venv\Lib\site-packages\sklearn\base.py:463: InconsistentVersionWarning: Trying to unpickle estimator SelectKBest from version 1.4.2 when using version 1.8.0. This might lead to breaking code or invalid results. Use at your own risk. For more info please refer to:
https://scikit-learn.org/stable/model_persistence.html#security-maintainability-limitations
  warnings.warn(
D:\Downloads\Sentiment-Analysis-for-E-commerce-Reviews-using-Machine-Learning-Techniques-main\Sentiment-Analysis-for-E-commerce-Reviews-using-Machine-Learning-Techniques-main\.venv\Lib\site-packages\sklearn\base.py:463: InconsistentVersionWarning: Trying to unpickle estimator LogisticRegression from version 1.4.2 when using version 1.8.0. This might lead to breaking code or invalid results. Use at your own risk. For more info please refer to:
https://scikit-learn.org/stable/model_persistence.html#security-maintainability-limitations
  warnings.warn(
D:\Downloads\Sentiment-Analysis-for-E-commerce-Reviews-using-Machine-Learning-Techniques-main\Sentiment-Analysis-for-E-commerce-Reviews-using-Machine-Learning-Techniques-main\.venv\Lib\site-packages\sklearn\base.py:463: InconsistentVersionWarning: Trying to unpickle estimator _SigmoidCalibration from version 1.4.2 when using version 1.8.0. This might lead to breaking code or invalid results. Use at your own risk. For more info please refer to:
https://scikit-learn.org/stable/model_persistence.html#security-maintainability-limitations
  warnings.warn(
D:\Downloads\Sentiment-Analysis-for-E-commerce-Reviews-using-Machine-Learning-Techniques-main\Sentiment-Analysis-for-E-commerce-Reviews-using-Machine-Learning-Techniques-main\.venv\Lib\site-packages\sklearn\base.py:463: InconsistentVersionWarning: Trying to unpickle estimator CalibratedClassifierCV from version 1.4.2 when using version 1.8.0. This might lead to breaking code or invalid results. Use at your own risk. For more info please refer to:
https://scikit-learn.org/stable/model_persistence.html#security-maintainability-limitations
  warnings.warn(
INFO:     Application startup complete.
INFO:     Uvicorn running on http://127.0.0.1:8000 (Press CTRL+C to quit)
